\BOOKMARK [1][-]{section.1}{\376\377\000T\036\325\000n\000g\000\040\000q\000u\000a\000n\000\040\000d\036\361\000\040\000\341\000n}{}% 1
\BOOKMARK [2][-]{subsection.1.1}{\376\377\000M\036\345\000c\000\040\000t\000i\000\352\000u}{section.1}% 2
\BOOKMARK [2][-]{subsection.1.2}{\376\377\000L\000u\036\323\000n\000g\000\040\000h\000o\036\241\000t\000\040\001\021\036\331\000n\000g\000\040\000c\036\321\000t\000\040\000l\000\365\000i}{section.1}% 3
\BOOKMARK [2][-]{subsection.1.3}{\376\377\000G\000i\000\341\000\040\000t\000r\036\313\000\040\000c\000h\000o\000\040\000d\000o\000a\000n\000h\000\040\000n\000g\000h\000i\036\307\000p\000\040\000\050\000n\000g\000\342\000n\000\040\000h\000\340\000n\000g\000\040\000/\000\040\000f\000i\000n\000t\000e\000c\000h\000\051}{section.1}% 4
\BOOKMARK [2][-]{subsection.1.4}{\376\377\000P\000h\036\241\000m\000\040\000v\000i\000\040\000g\000i\000a\000i\000\040\001\021\000o\036\241\000n\000\040\001\021\036\247\000u\000\040\000\050\000M\000V\000P\000\051}{section.1}% 5
\BOOKMARK [1][-]{section.2}{\376\377\000K\000i\036\277\000n\000\040\000t\000r\000\372\000c\000\040\000t\036\325\000n\000g\000\040\000t\000h\036\303}{}% 6
\BOOKMARK [1][-]{section.3}{\376\377\000T\000e\000c\000h\000\040\000s\000t\000a\000c\000k}{}% 7
\BOOKMARK [1][-]{section.4}{\376\377\001\020\036\267\000c\000\040\000t\036\243\000\040\000c\000h\000i\000\040\000t\000i\036\277\000t\000\040\000t\036\353\000n\000g\000\040\000p\000h\000a}{}% 8
\BOOKMARK [2][-]{subsection.4.1}{\376\377\000P\000h\000a\000\040\0000\000\040\040\024\000\040\000K\000h\036\337\000i\000\040\000t\036\241\000o\000\040\000\046\000\040\000T\000h\000u\000\040\000t\000h\036\255\000p\000\040\000d\036\357\000\040\000l\000i\036\307\000u}{section.4}% 9
\BOOKMARK [2][-]{subsection.4.2}{\376\377\000P\000h\000a\000\040\0001\000\040\040\024\000\040\000O\000C\000R\000\040\000g\000i\036\357\000\040\000n\000g\000u\000y\000\352\000n\000\040\000c\036\245\000u\000\040\000t\000r\000\372\000c}{section.4}% 10
\BOOKMARK [2][-]{subsection.4.3}{\376\377\000P\000h\000a\000\040\0002\000\040\040\024\000\040\000T\000r\000\355\000c\000h\000\040\000x\000u\036\245\000t\000\040\000t\000o\000\340\000n\000\040\000b\036\331\000\040\000t\000h\000\364\000n\000g\000\040\000t\000i\000n\000\040\000\046\000\040\000C\000h\000u\036\251\000n\000\040\000h\000\363\000a}{section.4}% 11
\BOOKMARK [2][-]{subsection.4.4}{\376\377\000P\000h\000a\000\040\0003\000\040\040\024\000\040\001\020\036\323\000\040\000t\000h\036\313\000\040\000t\000r\000i\000\040\000t\000h\036\351\000c\000\040\001\021\000a\000\040\000n\001\003\000m\000\040\000\050\000G\000r\000a\000p\000h\000R\000A\000G\000\051}{section.4}% 12
\BOOKMARK [2][-]{subsection.4.5}{\376\377\000P\000h\000a\000\040\0004\000\040\040\024\000\040\000P\000h\000\342\000n\000\040\000t\000\355\000c\000h\000\040\000t\036\361\000\040\001\021\036\331\000n\000g\000\040\000\046\000\040\001\020\036\321\000i\000\040\000c\000h\000i\036\277\000u\000\040\000\050\000p\000u\000s\000h\000\051}{section.4}% 13
\BOOKMARK [2][-]{subsection.4.6}{\376\377\000P\000h\000a\000\040\0005\000\040\040\024\000\040\000A\000g\000e\000n\000t\000R\000A\000G\000:\000\040\000A\000g\000e\000n\000t\000,\000\040\000T\000o\000o\000l\000-\000c\000a\000l\000l\000i\000n\000g\000,\000\040\000M\000e\000m\000o\000r\000y}{section.4}% 14
\BOOKMARK [2][-]{subsection.4.7}{\376\377\000P\000h\000a\000\040\0006\000\040\040\024\000\040\000H\000u\000m\000a\000n\000-\000i\000n\000-\000t\000h\000e\000-\000l\000o\000o\000p\000\040\000\046\000\040\000V\000\362\000n\000g\000\040\000t\000i\000n\000h\000\040\000c\000h\036\311\000n\000h}{section.4}% 15
\BOOKMARK [2][-]{subsection.4.8}{\376\377\000P\000h\000a\000\040\0007\000\040\040\024\000\040\000H\000i\036\307\000u\000\040\000n\001\003\000n\000g\000\040\000\046\000\040\000X\036\355\000\040\000l\000\375\000\040\000s\000o\000n\000g\000\040\000s\000o\000n\000g\000\040\000n\000h\000i\036\301\000u\000\040\000f\000i\000l\000e}{section.4}% 16
\BOOKMARK [2][-]{subsection.4.9}{\376\377\000P\000h\000a\000\040\0008\000\040\040\024\000\040\001\020\000\341\000n\000h\000\040\000g\000i\000\341\000\040\000\046\000\040\000B\000a\000c\000k\000t\000e\000s\000t}{section.4}% 17
\BOOKMARK [2][-]{subsection.4.10}{\376\377\000P\000h\000a\000\040\0009\000\040\040\024\000\040\000Q\000u\000a\000n\000\040\000s\000\341\000t\000,\000\040\000B\036\243\000o\000\040\000m\036\255\000t\000,\000\040\000T\000r\000i\036\303\000n\000\040\000k\000h\000a\000i}{section.4}% 18
\BOOKMARK [1][-]{section.5}{\376\377\000B\036\325\000\040\000s\000u\000n\000g\000\040\000n\000h\036\357\000n\000g\000\040\000p\000h\036\247\000n\000\040\000c\000\362\000n\000\040\000t\000h\000i\036\277\000u\000\040\000\050\000s\000o\000\040\000v\036\333\000i\000\040\000m\000\364\000\040\000t\036\243\000\040\000b\000a\000n\000\040\001\021\036\247\000u\000\051}{}% 19
\BOOKMARK [1][-]{section.6}{\376\377\000C\036\245\000u\000\040\000t\000r\000\372\000c\000\040\000t\000h\001\260\000\040\000m\036\345\000c\000\040\000r\000e\000p\000o\000\040\001\021\036\301\000\040\000x\000u\036\245\000t}{}% 20
\BOOKMARK [1][-]{section.7}{\376\377\000L\036\331\000\040\000t\000r\000\354\000n\000h\000\040\000t\000h\036\335\000i\000\040\000g\000i\000a\000n\000\040\000\050\000g\036\343\000i\000\040\000\375\000\040\0001\0002\000\040\000t\000u\036\247\000n\000\051}{}% 21
\BOOKMARK [1][-]{section.8}{\376\377\000T\000i\000\352\000u\000\040\000c\000h\000\355\000\040\000t\000h\000\340\000n\000h\000\040\000c\000\364\000n\000g}{}% 22
\BOOKMARK [1][-]{section.9}{\376\377\000R\036\347\000i\000\040\000r\000o\000\040\000\046\000\040\000G\000i\036\243\000m\000\040\000t\000h\000i\036\303\000u}{}% 23
